INFO:root:hello <flask.cli.ScriptInfo object at 0x014AE6F0>
INFO:root:hello <flask.cli.ScriptInfo object at 0x017CE6F0>
INFO:root:None
INFO:root:hello default
INFO:werkzeug: * Restarting with stat
INFO:root:None
INFO:root:hello default
WARNING:werkzeug: * Debugger is active!
INFO:werkzeug: * Debugger PIN: 229-094-124
INFO:werkzeug: * Running on http://127.0.0.1:5000/ (Press CTRL+C to quit)
INFO:root:None
INFO:root:None
INFO:root:default
INFO:root:default
INFO:root:default
INFO:root:hello default
INFO:root:hello default
INFO:root:hello default
INFO:werkzeug: * Restarting with stat
INFO:root:hello default
WARNING:werkzeug: * Debugger is active!
INFO:werkzeug: * Debugger PIN: 229-094-124
INFO:werkzeug: * Running on http://127.0.0.1:5000/ (Press CTRL+C to quit)
INFO:werkzeug: * Detected change in 'E:\\liushenhai\\teambuilding\\resource\\index.py', reloading
INFO:werkzeug: * Restarting with stat
INFO:root:hello default
INFO:werkzeug: * Restarting with stat
INFO:root:hello default
WARNING:werkzeug: * Debugger is active!
INFO:werkzeug: * Debugger PIN: 229-094-124
INFO:werkzeug: * Running on http://0.0.0.0:8888/ (Press CTRL+C to quit)
INFO:werkzeug: * Detected change in 'E:\\liushenhai\\teambuilding\\resource\\index.py', reloading
INFO:werkzeug: * Restarting with stat
INFO:root:hello default
WARNING:werkzeug: * Debugger is active!
INFO:werkzeug: * Debugger PIN: 229-094-124
INFO:werkzeug: * Running on http://0.0.0.0:8888/ (Press CTRL+C to quit)
INFO:werkzeug: * Detected change in 'E:\\liushenhai\\teambuilding\\resource\\app\\__init__.py', reloading
INFO:werkzeug: * Restarting with stat
INFO:root:hello default
INFO:werkzeug: * Restarting with stat
INFO:werkzeug: * Running on http://127.0.0.1:5000/ (Press CTRL+C to quit)
INFO:werkzeug: * Running on http://127.0.0.1:5000/ (Press CTRL+C to quit)
ERROR:root:Error: Directory migrations already exists
ERROR:root:Error: Directory migrations already exists
ERROR:root:Error: Directory migrations already exists
